::::::::::::::::::::::::::::::::
mkst: echo 'This is a test file.' >test.data
::::::::::::::::::::::::::::::::
::::::::::Exit status 0
::::::::::::::::::::::::::::::::
mkst: echo 'Hello, world!' >>test.data
::::::::::::::::::::::::::::::::
::::::::::Exit status 0
::::::::::::::::::::::::::::::::
mkst: echo 'foo bar baz qux' >>test.data
::::::::::::::::::::::::::::::::
::::::::::Exit status 0
::::::::::::::::::::::::::::::::
mkst: catfile.st test.data mks /dev/null
::::::::::::::::::::::::::::::::
::::::::::::::::::::::::::::::::
test.data
::::::::::::::::::::::::::::::::
     1: This is a test file.
     2: Hello, world!
     3: foo bar baz qux
::::::::::::::::::::::::::::::::
mks
::::::::::::::::::::::::::::::::
::::::::::::::::::::::::::::::::
/dev/null
::::::::::::::::::::::::::::::::
::::::::::Exit status 0
::::::::::::::::::::::::::::::::
mkst: rm test.data
::::::::::::::::::::::::::::::::
::::::::::Exit status 0
