::::::::::::::::::::::::::::::::
mkst: outbits.st
::::::::::::::::::::::::::::::::
«Hello, World!»
2×2=4
::::::::::Exit status 0
::::::::::::::::::::::::::::::::
mkst: outbits.st | od -c
::::::::::::::::::::::::::::::::
0000000   «   H   e   l   l   o   ,       W   o   r   l   d   !   »  \n
0000020   2   ×   2   =   4  \n
0000026
::::::::::Exit status 0
::::::::::::::::::::::::::::::::
mkst: outbits.st /tmp/outbits.tmp
::::::::::::::::::::::::::::::::
::::::::::Exit status 0
::::::::::::::::::::::::::::::::
mkst: cat -n /tmp/outbits.tmp
::::::::::::::::::::::::::::::::
     1	«Hello, World!»
     2	2×2=4
::::::::::Exit status 0
::::::::::::::::::::::::::::::::
mkst: od -c /tmp/outbits.tmp
::::::::::::::::::::::::::::::::
0000000   «   H   e   l   l   o   ,       W   o   r   l   d   !   »  \n
0000020   2   ×   2   =   4  \n
0000026
::::::::::Exit status 0
::::::::::::::::::::::::::::::::
mkst: binarydump/binarydump /tmp/outbits.tmp
::::::::::::::::::::::::::::::::
::::::::::Exit status -1
::::::::::::::::::::::::::::::::
mkst: binarydump/hexadecimaldump /tmp/outbits.tmp
::::::::::::::::::::::::::::::::
::::::::::Exit status -1
