HEADER.html            1581560696 Wed 12 Feb 2020 06:24:56 PM PST
RCS                    1581729075 Fri 14 Feb 2020 05:11:15 PM PST
graph.output           1581729075 Fri 14 Feb 2020 05:11:15 PM PST
graph.perl             1581729075 Fri 14 Feb 2020 05:11:15 PM PST
graph.perl.pdf         1581728939 Fri 14 Feb 2020 05:08:59 PM PST
graph.perl.ps          1581728939 Fri 14 Feb 2020 05:08:59 PM PST
mk                     1581729075 Fri 14 Feb 2020 05:11:15 PM PST
mtime.output           1581729075 Fri 14 Feb 2020 05:11:15 PM PST
mtime.perl             1581729075 Fri 14 Feb 2020 05:11:15 PM PST
mtime.perl.pdf         1581728939 Fri 14 Feb 2020 05:08:59 PM PST
mtime.perl.ps          1581728939 Fri 14 Feb 2020 05:08:59 PM PST
sigtoperl              1581728939 Fri 14 Feb 2020 05:08:59 PM PST
sigtoperl.cpp          1581728938 Fri 14 Feb 2020 05:08:58 PM PST
sigtoperl.cpp.pdf      1581728940 Fri 14 Feb 2020 05:09:00 PM PST
sigtoperl.cpp.ps       1581728939 Fri 14 Feb 2020 05:08:59 PM PST
sigtoperl.output       1581728939 Fri 14 Feb 2020 05:08:59 PM PST
utime-maxint.txt       2147483647 Mon 18 Jan 2038 07:14:07 PM PST
utime-zero.txt                  0 Wed 31 Dec 1969 04:00:00 PM PST
.                      1581729075 Fri 14 Feb 2020 05:11:15 PM PST
/dev/null              1581355107 Mon 10 Feb 2020 09:18:27 AM PST
